<?xml version="1.0" encoding="UTF-8"?>
<testng-results retried="2" ignored="2" total="7" passed="3" failed="0" skipped="0">
  <reporter-output>
  </reporter-output>
  <suite started-at="2025-02-26T20:26:51 IST" name="crossBrowser-Testing" finished-at="2025-02-26T20:27:07 IST" duration-ms="15671">
    <groups>
    </groups>
    <test started-at="2025-02-26T20:26:51 IST" name="edge-test" finished-at="2025-02-26T20:27:00 IST" duration-ms="8771">
      <class name="testscripts.LoginTest">
        <test-method is-config="true" signature="initializeBrowser(java.lang.String)[pri:0, instance:testscripts.LoginTest@2c78324b]" started-at="2025-02-26T20:26:51 IST" name="initializeBrowser" finished-at="2025-02-26T20:26:54 IST" duration-ms="3107" status="PASS">
          <params>
            <param index="0">
              <value>
                <![CDATA[Edge]]>
              </value>
            </param>
          </params>
          <reporter-output>
          </reporter-output>
        </test-method> <!-- initializeBrowser -->
        <test-method retried="true" signature="verifyUserLoginWithValidCredentials()[pri:0, instance:testscripts.LoginTest@2c78324b]" started-at="2025-02-26T20:26:54 IST" name="verifyUserLoginWithValidCredentials" finished-at="2025-02-26T20:26:55 IST" duration-ms="207" status="SKIP">
          <exception class="org.apache.poi.openxml4j.exceptions.NotOfficeXmlFileException">
            <message>
              <![CDATA[No valid entries or contents found, this is not a valid OOXML (Office Open XML) file]]>
            </message>
            <full-stacktrace>
              <![CDATA[org.apache.poi.openxml4j.exceptions.NotOfficeXmlFileException: No valid entries or contents found, this is not a valid OOXML (Office Open XML) file
at org.apache.poi.openxml4j.opc.ZipPackage.getPartsImpl(ZipPackage.java:295)
at org.apache.poi.openxml4j.opc.OPCPackage.getParts(OPCPackage.java:781)
at org.apache.poi.openxml4j.opc.OPCPackage.open(OPCPackage.java:354)
at org.apache.poi.ooxml.util.PackageHelper.open(PackageHelper.java:64)
at org.apache.poi.xssf.usermodel.XSSFWorkbook.<init>(XSSFWorkbook.java:315)
at org.apache.poi.xssf.usermodel.XSSFWorkbook.<init>(XSSFWorkbook.java:289)
at utilities.ExcelUtility.readStringData(ExcelUtility.java:22)
at pages.LoginPage.loginUsingExcelData(LoginPage.java:44)
at testscripts.LoginTest.verifyUserLoginWithValidCredentials(LoginTest.java:61)
at java.base/jdk.internal.reflect.NativeMethodAccessorImpl.invoke0(Native Method)
at java.base/jdk.internal.reflect.NativeMethodAccessorImpl.invoke(NativeMethodAccessorImpl.java:77)
at java.base/jdk.internal.reflect.DelegatingMethodAccessorImpl.invoke(DelegatingMethodAccessorImpl.java:43)
at java.base/java.lang.reflect.Method.invoke(Method.java:568)
at org.testng.internal.invokers.MethodInvocationHelper.invokeMethod(MethodInvocationHelper.java:141)
at org.testng.internal.invokers.TestInvoker.invokeMethod(TestInvoker.java:686)
at org.testng.internal.invokers.TestInvoker.invokeTestMethod(TestInvoker.java:230)
at org.testng.internal.invokers.MethodRunner.runInSequence(MethodRunner.java:63)
at org.testng.internal.invokers.TestInvoker$MethodInvocationAgent.invoke(TestInvoker.java:992)
at org.testng.internal.invokers.TestInvoker.invokeTestMethods(TestInvoker.java:203)
at org.testng.internal.invokers.TestMethodWorker.invokeTestMethods(TestMethodWorker.java:154)
at org.testng.internal.invokers.TestMethodWorker.run(TestMethodWorker.java:134)
at java.base/java.util.ArrayList.forEach(ArrayList.java:1511)
at org.testng.TestRunner.privateRun(TestRunner.java:739)
at org.testng.TestRunner.run(TestRunner.java:614)
at org.testng.SuiteRunner.runTest(SuiteRunner.java:421)
at org.testng.SuiteRunner$SuiteWorker.run(SuiteRunner.java:463)
at org.testng.internal.thread.ThreadUtil.lambda$execute$0(ThreadUtil.java:64)
at java.base/java.util.concurrent.FutureTask.run(FutureTask.java:264)
at java.base/java.util.concurrent.ThreadPoolExecutor.runWorker(ThreadPoolExecutor.java:1136)
at java.base/java.util.concurrent.ThreadPoolExecutor$Worker.run(ThreadPoolExecutor.java:635)
at java.base/java.lang.Thread.run(Thread.java:842)
]]>
            </full-stacktrace>
          </exception> <!-- org.apache.poi.openxml4j.exceptions.NotOfficeXmlFileException -->
          <reporter-output>
          </reporter-output>
        </test-method> <!-- verifyUserLoginWithValidCredentials -->
        <test-method is-config="true" signature="driverQuit(org.testng.ITestResult)[pri:0, instance:testscripts.LoginTest@2c78324b]" started-at="2025-02-26T20:26:55 IST" name="driverQuit" finished-at="2025-02-26T20:26:55 IST" duration-ms="1" status="PASS">
          <params>
            <param index="0">
              <value>
                <![CDATA[[TestResult name=verifyUserLoginWithValidCredentials status=SKIP method=LoginTest.verifyUserLoginWithValidCredentials()[pri:0, instance:testscripts.LoginTest@2c78324b] output={null}]]]>
              </value>
            </param>
          </params>
          <reporter-output>
          </reporter-output>
        </test-method> <!-- driverQuit -->
        <test-method is-config="true" signature="initializeBrowser(java.lang.String)[pri:0, instance:testscripts.LoginTest@2c78324b]" started-at="2025-02-26T20:26:55 IST" name="initializeBrowser" finished-at="2025-02-26T20:26:59 IST" duration-ms="4527" status="PASS">
          <params>
            <param index="0">
              <value>
                <![CDATA[Edge]]>
              </value>
            </param>
          </params>
          <reporter-output>
          </reporter-output>
        </test-method> <!-- initializeBrowser -->
        <test-method signature="verifyUserLoginWithValidCredentials()[pri:0, instance:testscripts.LoginTest@2c78324b]" started-at="2025-02-26T20:26:59 IST" name="verifyUserLoginWithValidCredentials" finished-at="2025-02-26T20:27:00 IST" duration-ms="850" status="PASS">
          <reporter-output>
          </reporter-output>
        </test-method> <!-- verifyUserLoginWithValidCredentials -->
        <test-method is-config="true" signature="driverQuit(org.testng.ITestResult)[pri:0, instance:testscripts.LoginTest@2c78324b]" started-at="2025-02-26T20:27:00 IST" name="driverQuit" finished-at="2025-02-26T20:27:00 IST" duration-ms="0" status="PASS">
          <params>
            <param index="0">
              <value>
                <![CDATA[[TestResult name=verifyUserLoginWithValidCredentials status=SUCCESS method=LoginTest.verifyUserLoginWithValidCredentials()[pri:0, instance:testscripts.LoginTest@2c78324b] output={null}]]]>
              </value>
            </param>
          </params>
          <reporter-output>
          </reporter-output>
        </test-method> <!-- driverQuit -->
      </class> <!-- testscripts.LoginTest -->
    </test> <!-- edge-test -->
    <test started-at="2025-02-26T20:26:51 IST" name="chromeTest" finished-at="2025-02-26T20:27:02 IST" duration-ms="10392">
      <class name="testscripts.ManageContactTest">
        <test-method is-config="true" signature="initializeBrowser(java.lang.String)[pri:0, instance:testscripts.ManageContactTest@5340477f]" started-at="2025-02-26T20:26:51 IST" name="initializeBrowser" finished-at="2025-02-26T20:26:54 IST" duration-ms="3072" status="PASS">
          <params>
            <param index="0">
              <value>
                <![CDATA[Chrome]]>
              </value>
            </param>
          </params>
          <reporter-output>
          </reporter-output>
        </test-method> <!-- initializeBrowser -->
        <test-method retried="true" signature="verifyUserIsAbleToEditContactDetails()[pri:0, instance:testscripts.ManageContactTest@5340477f]" started-at="2025-02-26T20:26:54 IST" name="verifyUserIsAbleToEditContactDetails" finished-at="2025-02-26T20:26:55 IST" duration-ms="270" status="SKIP">
          <exception class="java.io.IOException">
            <message>
              <![CDATA[Stream Closed]]>
            </message>
            <full-stacktrace>
              <![CDATA[java.io.IOException: Stream Closed
at java.base/java.io.FileInputStream.available0(Native Method)
at java.base/java.io.FileInputStream.available(FileInputStream.java:415)
at java.base/java.io.BufferedInputStream.read(BufferedInputStream.java:351)
at java.base/java.io.FilterInputStream.read(FilterInputStream.java:132)
at java.base/java.io.PushbackInputStream.read(PushbackInputStream.java:182)
at java.base/java.io.FilterInputStream.read(FilterInputStream.java:106)
at org.apache.commons.compress.archivers.zip.ZipArchiveInputStream.fill(ZipArchiveInputStream.java:539)
at org.apache.commons.compress.archivers.zip.ZipArchiveInputStream.readFromInflater(ZipArchiveInputStream.java:1072)
at org.apache.commons.compress.archivers.zip.ZipArchiveInputStream.readDeflated(ZipArchiveInputStream.java:996)
at org.apache.commons.compress.archivers.zip.ZipArchiveInputStream.read(ZipArchiveInputStream.java:927)
at java.base/java.io.FilterInputStream.read(FilterInputStream.java:132)
at org.apache.poi.openxml4j.util.ZipArchiveThresholdInputStream.read(ZipArchiveThresholdInputStream.java:78)
at org.apache.poi.util.IOUtils.toByteArray(IOUtils.java:245)
at org.apache.poi.util.IOUtils.toByteArray(IOUtils.java:208)
at org.apache.poi.openxml4j.util.ZipArchiveFakeEntry.<init>(ZipArchiveFakeEntry.java:83)
at org.apache.poi.openxml4j.util.ZipInputStreamZipEntrySource.<init>(ZipInputStreamZipEntrySource.java:98)
at org.apache.poi.openxml4j.opc.ZipPackage.<init>(ZipPackage.java:157)
at org.apache.poi.openxml4j.opc.OPCPackage.open(OPCPackage.java:351)
at org.apache.poi.ooxml.util.PackageHelper.open(PackageHelper.java:64)
at org.apache.poi.xssf.usermodel.XSSFWorkbook.<init>(XSSFWorkbook.java:315)
at org.apache.poi.xssf.usermodel.XSSFWorkbook.<init>(XSSFWorkbook.java:289)
at utilities.ExcelUtility.readStringData(ExcelUtility.java:22)
at pages.LoginPage.loginUsingExcelData(LoginPage.java:44)
at testscripts.ManageContactTest.verifyUserIsAbleToEditContactDetails(ManageContactTest.java:25)
at java.base/jdk.internal.reflect.NativeMethodAccessorImpl.invoke0(Native Method)
at java.base/jdk.internal.reflect.NativeMethodAccessorImpl.invoke(NativeMethodAccessorImpl.java:77)
at java.base/jdk.internal.reflect.DelegatingMethodAccessorImpl.invoke(DelegatingMethodAccessorImpl.java:43)
at java.base/java.lang.reflect.Method.invoke(Method.java:568)
at org.testng.internal.invokers.MethodInvocationHelper.invokeMethod(MethodInvocationHelper.java:141)
at org.testng.internal.invokers.TestInvoker.invokeMethod(TestInvoker.java:686)
at org.testng.internal.invokers.TestInvoker.invokeTestMethod(TestInvoker.java:230)
at org.testng.internal.invokers.MethodRunner.runInSequence(MethodRunner.java:63)
at org.testng.internal.invokers.TestInvoker$MethodInvocationAgent.invoke(TestInvoker.java:992)
at org.testng.internal.invokers.TestInvoker.invokeTestMethods(TestInvoker.java:203)
at org.testng.internal.invokers.TestMethodWorker.invokeTestMethods(TestMethodWorker.java:154)
at org.testng.internal.invokers.TestMethodWorker.run(TestMethodWorker.java:134)
at java.base/java.util.ArrayList.forEach(ArrayList.java:1511)
at org.testng.TestRunner.privateRun(TestRunner.java:739)
at org.testng.TestRunner.run(TestRunner.java:614)
at org.testng.SuiteRunner.runTest(SuiteRunner.java:421)
at org.testng.SuiteRunner$SuiteWorker.run(SuiteRunner.java:463)
at org.testng.internal.thread.ThreadUtil.lambda$execute$0(ThreadUtil.java:64)
at java.base/java.util.concurrent.FutureTask.run(FutureTask.java:264)
at java.base/java.util.concurrent.ThreadPoolExecutor.runWorker(ThreadPoolExecutor.java:1136)
at java.base/java.util.concurrent.ThreadPoolExecutor$Worker.run(ThreadPoolExecutor.java:635)
at java.base/java.lang.Thread.run(Thread.java:842)
]]>
            </full-stacktrace>
          </exception> <!-- java.io.IOException -->
          <reporter-output>
          </reporter-output>
        </test-method> <!-- verifyUserIsAbleToEditContactDetails -->
        <test-method is-config="true" signature="driverQuit(org.testng.ITestResult)[pri:0, instance:testscripts.ManageContactTest@5340477f]" started-at="2025-02-26T20:26:55 IST" name="driverQuit" finished-at="2025-02-26T20:26:55 IST" duration-ms="1" status="PASS">
          <params>
            <param index="0">
              <value>
                <![CDATA[[TestResult name=verifyUserIsAbleToEditContactDetails status=SKIP method=ManageContactTest.verifyUserIsAbleToEditContactDetails()[pri:0, instance:testscripts.ManageContactTest@5340477f] output={null}]]]>
              </value>
            </param>
          </params>
          <reporter-output>
          </reporter-output>
        </test-method> <!-- driverQuit -->
        <test-method is-config="true" signature="initializeBrowser(java.lang.String)[pri:0, instance:testscripts.ManageContactTest@5340477f]" started-at="2025-02-26T20:26:55 IST" name="initializeBrowser" finished-at="2025-02-26T20:26:57 IST" duration-ms="2139" status="PASS">
          <params>
            <param index="0">
              <value>
                <![CDATA[Chrome]]>
              </value>
            </param>
          </params>
          <reporter-output>
          </reporter-output>
        </test-method> <!-- initializeBrowser -->
        <test-method signature="verifyUserIsAbleToEditContactDetails()[pri:0, instance:testscripts.ManageContactTest@5340477f]" started-at="2025-02-26T20:26:57 IST" name="verifyUserIsAbleToEditContactDetails" finished-at="2025-02-26T20:27:02 IST" duration-ms="4833" status="PASS">
          <reporter-output>
          </reporter-output>
        </test-method> <!-- verifyUserIsAbleToEditContactDetails -->
        <test-method is-config="true" signature="driverQuit(org.testng.ITestResult)[pri:0, instance:testscripts.ManageContactTest@5340477f]" started-at="2025-02-26T20:27:02 IST" name="driverQuit" finished-at="2025-02-26T20:27:02 IST" duration-ms="0" status="PASS">
          <params>
            <param index="0">
              <value>
                <![CDATA[[TestResult name=verifyUserIsAbleToEditContactDetails status=SUCCESS method=ManageContactTest.verifyUserIsAbleToEditContactDetails()[pri:0, instance:testscripts.ManageContactTest@5340477f] output={null}]]]>
              </value>
            </param>
          </params>
          <reporter-output>
          </reporter-output>
        </test-method> <!-- driverQuit -->
      </class> <!-- testscripts.ManageContactTest -->
    </test> <!-- chromeTest -->
    <test started-at="2025-02-26T20:27:00 IST" name="firefox-test" finished-at="2025-02-26T20:27:07 IST" duration-ms="6481">
      <class name="testscripts.ManageNewsTest">
        <test-method is-config="true" signature="initializeBrowser(java.lang.String)[pri:0, instance:testscripts.ManageNewsTest@376a0d86]" started-at="2025-02-26T20:27:00 IST" name="initializeBrowser" finished-at="2025-02-26T20:27:05 IST" duration-ms="4951" status="PASS">
          <params>
            <param index="0">
              <value>
                <![CDATA[Firefox]]>
              </value>
            </param>
          </params>
          <reporter-output>
          </reporter-output>
        </test-method> <!-- initializeBrowser -->
        <test-method signature="verifyAdminUserCanAddNews()[pri:0, instance:testscripts.ManageNewsTest@376a0d86]" started-at="2025-02-26T20:27:05 IST" name="verifyAdminUserCanAddNews" finished-at="2025-02-26T20:27:07 IST" duration-ms="1517" status="PASS">
          <reporter-output>
          </reporter-output>
        </test-method> <!-- verifyAdminUserCanAddNews -->
        <test-method is-config="true" signature="driverQuit(org.testng.ITestResult)[pri:0, instance:testscripts.ManageNewsTest@376a0d86]" started-at="2025-02-26T20:27:07 IST" name="driverQuit" finished-at="2025-02-26T20:27:07 IST" duration-ms="0" status="PASS">
          <params>
            <param index="0">
              <value>
                <![CDATA[[TestResult name=verifyAdminUserCanAddNews status=SUCCESS method=ManageNewsTest.verifyAdminUserCanAddNews()[pri:0, instance:testscripts.ManageNewsTest@376a0d86] output={null}]]]>
              </value>
            </param>
          </params>
          <reporter-output>
          </reporter-output>
        </test-method> <!-- driverQuit -->
      </class> <!-- testscripts.ManageNewsTest -->
    </test> <!-- firefox-test -->
  </suite> <!-- crossBrowser-Testing -->
</testng-results>
