<?xml version="1.0" encoding="UTF-8"?>
<!-- Generated by org.testng.reporters.JUnitXMLReporter -->
<testsuite ignored="3" hostname="DESKTOP-LJ74HTI" failures="0" tests="13" name="myTest" time="84.685" errors="0" timestamp="2025-02-19T21:56:32 IST">
  <testcase classname="testscripts.LoginTest" name="verifyUserLoginWithValidCredentials" time="2.333"/>
  <testcase classname="testscripts.SubCategoryTest" name="verifyAddNewSubcategorywithValidDetails" time="2.964"/>
  <testcase classname="testscripts.SubCategoryTest" name="verifySubCategoryIsDeleted" time="6.809"/>
  <testcase classname="testscripts.AdminUser_ManageProductTest" name="verifyAdminUserCanManageAndDeleteProduct" time="7.376"/>
  <testcase classname="testscripts.ManageFooterTest" name="verifyUserCanUpdateAdminFooterDetails" time="2.799"/>
  <testcase classname="testscripts.ManageNewsTest" name="verifyAdminUserCanAddNews" time="2.124"/>
  <testcase classname="testscripts.ManageNewsTest" name="verifyAdminUserCanDeleteNews" time="7.17"/>
  <testcase classname="testscripts.ManageNewsTest" name="verifyAdminUserCanManageAndEditNews" time="2.687"/>
  <testcase classname="testscripts.CategoryTest" name="verifyUserCanChangeStatus" time="1.312"/>
  <testcase classname="testscripts.CategoryTest" name="verifyUserCanDeleteCategory" time="7.177"/>
  <testcase classname="testscripts.AdminUserTest" name="verifyAdminUserCanAddNewUsers" time="2.297"/>
  <testcase classname="testscripts.AdminUserTest" name="verifyAdminUserCanDeleteUsers" time="6.599"/>
  <testcase classname="testscripts.AdminUserTest" name="verifyAdminUserCanChangeTheStatus" time="1.277"/>
  <testcase classname="testscripts.LoginTest" name="verifyUserLoginWithInvalidUsernameAndInvalidPassword" time="0.0">
    <ignored/>
  </testcase> <!-- verifyUserLoginWithInvalidUsernameAndInvalidPassword -->
  <testcase classname="testscripts.LoginTest" name="verifyUserLoginWithValidUsernameAndInvalidPassword" time="0.0">
    <ignored/>
  </testcase> <!-- verifyUserLoginWithValidUsernameAndInvalidPassword -->
  <testcase classname="testscripts.LoginTest" name="verifyUserLoginWithInvalidUsernameAndValidPassword" time="0.0">
    <ignored/>
  </testcase> <!-- verifyUserLoginWithInvalidUsernameAndValidPassword -->
</testsuite> <!-- myTest -->
