<?xml version="1.0" encoding="UTF-8"?>
<!-- Generated by org.testng.reporters.JUnitXMLReporter -->
<testsuite ignored="0" hostname="DESKTOP-LJ74HTI" failures="0" tests="2" name="chromeTest" time="10.392" errors="0" timestamp="2025-02-26T20:27:02 IST">
  <testcase classname="testscripts.ManageContactTest" name="verifyUserIsAbleToEditContactDetails" time="0.27">
    <skipped/>
  </testcase> <!-- verifyUserIsAbleToEditContactDetails -->
  <testcase classname="testscripts.ManageContactTest" name="verifyUserIsAbleToEditContactDetails" time="4.833"/>
</testsuite> <!-- chromeTest -->
