<?xml version="1.0" encoding="UTF-8"?>
<!-- Generated by org.testng.reporters.JUnitXMLReporter -->
<testsuite ignored="3" hostname="DESKTOP-LJ74HTI" failures="0" tests="2" name="edge-test" time="8.771" errors="0" timestamp="2025-02-26T20:27:00 IST">
  <testcase classname="testscripts.LoginTest" name="verifyUserLoginWithValidCredentials" time="0.207">
    <skipped/>
  </testcase> <!-- verifyUserLoginWithValidCredentials -->
  <testcase classname="testscripts.LoginTest" name="verifyUserLoginWithValidCredentials" time="0.85"/>
  <testcase classname="testscripts.LoginTest" name="verifyUserLoginWithInvalidUsernameAndInvalidPassword" time="0.0">
    <ignored/>
  </testcase> <!-- verifyUserLoginWithInvalidUsernameAndInvalidPassword -->
  <testcase classname="testscripts.LoginTest" name="verifyUserLoginWithInvalidUsernameAndValidPassword" time="0.0">
    <ignored/>
  </testcase> <!-- verifyUserLoginWithInvalidUsernameAndValidPassword -->
  <testcase classname="testscripts.LoginTest" name="verifyUserLoginWithValidUsernameAndInvalidPassword" time="0.0">
    <ignored/>
  </testcase> <!-- verifyUserLoginWithValidUsernameAndInvalidPassword -->
</testsuite> <!-- edge-test -->
