<?xml version="1.0" encoding="UTF-8"?>
<!-- Generated by org.testng.reporters.JUnitXMLReporter -->
<testsuite ignored="2" hostname="DESKTOP-LJ74HTI" failures="0" tests="1" name="firefox-test" time="9.718" errors="0" timestamp="2025-02-26T20:32:05 IST">
  <testcase classname="testscripts.ManageNewsTest" name="verifyAdminUserCanAddNews" time="2.364"/>
  <testcase classname="testscripts.ManageNewsTest" name="verifyAdminUserCanDeleteNews" time="0.0">
    <ignored/>
  </testcase> <!-- verifyAdminUserCanDeleteNews -->
  <testcase classname="testscripts.ManageNewsTest" name="verifyAdminUserCanManageAndEditNews" time="0.0">
    <ignored/>
  </testcase> <!-- verifyAdminUserCanManageAndEditNews -->
</testsuite> <!-- firefox-test -->
